<?xml version="1.0" encoding="UTF-8"?>
<testsuite xmlns:xsi="http://www.w3.org/2001/XMLSchema-instance" xsi:noNamespaceSchemaLocation="https://maven.apache.org/surefire/maven-surefire-plugin/xsd/surefire-test-report.xsd" name="tn.esprit.spring.RegistrationServiceTests" time="0.72" tests="4" errors="1" skipped="0" failures="0">
  <properties>
[...]
</properties>
  <testcase name="testAddRegistrationAndAssignToSkierAndCourse_Success" classname="tn.esprit.spring.RegistrationServiceTests" time="0.12">
    <error type="java.lang.NullPointerException">java.lang.NullPointerException
	at tn.esprit.spring.RegistrationServiceTests.testAddRegistrationAndAssignToSkierAndCourse_Success(RegistrationServiceTests.java:100)
</error>
    <system-out><![CDATA[=2023-11-06 00:38:25 -  INFO - o.s.b.t.c.SpringBootTestContextBootstrapper - Neither @ContextConfiguration nor @ContextHierarchy found for test class [tn.esprit.spring.RegistrationServiceTests], using SpringBootContextLoader 
=2023-11-06 00:38:25 -  INFO - o.s.t.context.support.AbstractContextLoader - Could not detect default resource locations for test class [tn.esprit.spring.RegistrationServiceTests]: no resource found for suffixes {-context.xml, Context.groovy}. 
=2023-11-06 00:38:25 -  INFO - o.s.t.c.s.AnnotationConfigContextLoaderUtils - Could not detect default configuration classes for test class [tn.esprit.spring.RegistrationServiceTests]: RegistrationServiceTests does not declare any static, non-private, non-final, nested classes annotated with @Configuration. 
=2023-11-06 00:38:25 -  INFO - o.s.b.t.c.SpringBootTestContextBootstrapper - Found @SpringBootConfiguration tn.esprit.spring.GestionStationSkiApplication for test class tn.esprit.spring.RegistrationServiceTests 
=2023-11-06 00:38:25 -  INFO - o.s.b.t.c.SpringBootTestContextBootstrapper - Loaded default TestExecutionListener class names from location [META-INF/spring.factories]: [org.springframework.boot.test.mock.mockito.MockitoTestExecutionListener, org.springframework.boot.test.mock.mockito.ResetMocksTestExecutionListener, org.springframework.boot.test.autoconfigure.restdocs.RestDocsTestExecutionListener, org.springframework.boot.test.autoconfigure.web.client.MockRestServiceServerResetTestExecutionListener, org.springframework.boot.test.autoconfigure.web.servlet.MockMvcPrintOnlyOnFailureTestExecutionListener, org.springframework.boot.test.autoconfigure.web.servlet.WebDriverTestExecutionListener, org.springframework.boot.test.autoconfigure.webservices.client.MockWebServiceServerTestExecutionListener, org.springframework.test.context.web.ServletTestExecutionListener, org.springframework.test.context.support.DirtiesContextBeforeModesTestExecutionListener, org.springframework.test.context.event.ApplicationEventsTestExecutionListener, org.springframework.test.context.support.DependencyInjectionTestExecutionListener, org.springframework.test.context.support.DirtiesContextTestExecutionListener, org.springframework.test.context.transaction.TransactionalTestExecutionListener, org.springframework.test.context.jdbc.SqlScriptsTestExecutionListener, org.springframework.test.context.event.EventPublishingTestExecutionListener] 
=2023-11-06 00:38:25 -  INFO - o.s.b.t.c.SpringBootTestContextBootstrapper - Using TestExecutionListeners: [org.springframework.test.context.web.ServletTestExecutionListener@137db13f, org.springframework.test.context.support.DirtiesContextBeforeModesTestExecutionListener@2a3c3a04, org.springframework.test.context.event.ApplicationEventsTestExecutionListener@78ca8258, org.springframework.boot.test.mock.mockito.MockitoTestExecutionListener@4628f386, org.springframework.boot.test.autoconfigure.SpringBootDependencyInjectionTestExecutionListener@38224635, org.springframework.test.context.support.DirtiesContextTestExecutionListener@7385a72f, org.springframework.test.context.transaction.TransactionalTestExecutionListener@5ff12345, org.springframework.test.context.jdbc.SqlScriptsTestExecutionListener@5e445ffe, org.springframework.test.context.event.EventPublishingTestExecutionListener@74fda9ed, org.springframework.boot.test.mock.mockito.ResetMocksTestExecutionListener@2a9fd482, org.springframework.boot.test.autoconfigure.restdocs.RestDocsTestExecutionListener@7ca2319f, org.springframework.boot.test.autoconfigure.web.client.MockRestServiceServerResetTestExecutionListener@653a5a, org.springframework.boot.test.autoconfigure.web.servlet.MockMvcPrintOnlyOnFailureTestExecutionListener@19ce597a, org.springframework.boot.test.autoconfigure.web.servlet.WebDriverTestExecutionListener@4d21b505, org.springframework.boot.test.autoconfigure.webservices.client.MockWebServiceServerTestExecutionListener@20e25bf7] 
]]></system-out>
  </testcase>
  <testcase name="testAddRegistrationAndAssignToSkier" classname="tn.esprit.spring.RegistrationServiceTests" time="0.032"/>
  <testcase name="testAssignRegistrationToCourse" classname="tn.esprit.spring.RegistrationServiceTests" time="0.012"/>
  <testcase name="testAddRegistrationAndAssignToSkierAndCourse_AlreadyRegistered" classname="tn.esprit.spring.RegistrationServiceTests" time="0.012"/>
</testsuite>